SF:lib/data/round.dart
DA:15,1
DA:16,1
DA:19,1
DA:20,1
DA:23,1
DA:24,1
DA:27,0
DA:28,0
DA:29,0
DA:30,0
DA:31,0
DA:33,0
DA:34,0
DA:35,0
DA:37,0
DA:38,0
DA:39,0
DA:40,0
DA:41,0
DA:42,0
DA:47,0
DA:48,0
DA:49,0
DA:50,0
DA:52,0
DA:53,0
DA:54,0
DA:56,0
DA:57,0
DA:58,0
DA:59,0
DA:60,0
DA:65,1
DA:66,4
DA:69,1
DA:70,1
DA:73,4
DA:74,0
DA:76,3
DA:79,1
DA:80,1
DA:83,1
DA:84,0
DA:86,1
DA:87,2
DA:88,1
DA:89,4
DA:90,0
DA:91,0
DA:93,0
DA:94,0
DA:97,3
DA:98,2
DA:99,3
DA:101,3
DA:102,3
DA:108,0
DA:111,0
DA:112,0
DA:113,0
DA:114,0
DA:115,0
DA:116,0
DA:117,0
DA:118,0
DA:119,0
DA:120,0
DA:122,0
DA:124,0
DA:125,0
DA:126,0
DA:127,0
DA:128,0
DA:129,0
DA:130,0
DA:131,0
LF:76
LH:24
end_of_record
SF:lib/data/bidding_split.dart
DA:6,1
DA:8,1
DA:9,2
DA:12,12
DA:15,1
DA:16,2
DA:19,9
DA:22,1
DA:23,2
DA:26,1
DA:27,5
DA:30,1
DA:31,2
DA:34,3
LF:14
LH:14
end_of_record
